{"C:\\Git\\ProjetPerso\\Ynov\\Fenol2\\my-app\\src\\App.js": {"path":"C:\\Git\\ProjetPerso\\Ynov\\Fenol2\\my-app\\src\\App.js","statementMap":{"0":{"start":{"line":5,"column":2},"end":{"line":9,"column":4}}},"fnMap":{"0":{"name":"App","decl":{"start":{"line":4,"column":9},"end":{"line":4,"column":12}},"loc":{"start":{"line":4,"column":15},"end":{"line":10,"column":1}},"line":4}},"branchMap":{},"s":{"0":2},"f":{"0":2},"b":{},"_coverageSchema":"1a1c01bbd47fc00a2c39e90264f33305004495a9","hash":"6e1694acf8a583035cee9a80f0b680a01f80e5ee"}
,"C:\\Git\\ProjetPerso\\Ynov\\Fenol2\\my-app\\src\\module.js": {"path":"C:\\Git\\ProjetPerso\\Ynov\\Fenol2\\my-app\\src\\module.js","statementMap":{"0":{"start":{"line":7,"column":4},"end":{"line":7,"column":47}},"1":{"start":{"line":7,"column":12},"end":{"line":7,"column":47}},"2":{"start":{"line":8,"column":4},"end":{"line":8,"column":74}},"3":{"start":{"line":8,"column":36},"end":{"line":8,"column":74}},"4":{"start":{"line":9,"column":4},"end":{"line":10,"column":60}},"5":{"start":{"line":10,"column":6},"end":{"line":10,"column":60}},"6":{"start":{"line":11,"column":4},"end":{"line":11,"column":80}},"7":{"start":{"line":11,"column":36},"end":{"line":11,"column":80}},"8":{"start":{"line":13,"column":22},"end":{"line":13,"column":75}},"9":{"start":{"line":15,"column":4},"end":{"line":17,"column":5}},"10":{"start":{"line":16,"column":6},"end":{"line":16,"column":39}},"11":{"start":{"line":19,"column":19},"end":{"line":19,"column":59}},"12":{"start":{"line":20,"column":14},"end":{"line":20,"column":56}},"13":{"start":{"line":21,"column":4},"end":{"line":21,"column":15}},"14":{"start":{"line":25,"column":15},"end":{"line":25,"column":48}},"15":{"start":{"line":28,"column":12},"end":{"line":28,"column":32}}},"fnMap":{"0":{"name":"calculateAge","decl":{"start":{"line":6,"column":16},"end":{"line":6,"column":28}},"loc":{"start":{"line":6,"column":32},"end":{"line":22,"column":3}},"line":6}},"branchMap":{"0":{"loc":{"start":{"line":7,"column":4},"end":{"line":7,"column":47}},"type":"if","locations":[{"start":{"line":7,"column":4},"end":{"line":7,"column":47}},{"start":{},"end":{}}],"line":7},"1":{"loc":{"start":{"line":8,"column":4},"end":{"line":8,"column":74}},"type":"if","locations":[{"start":{"line":8,"column":4},"end":{"line":8,"column":74}},{"start":{},"end":{}}],"line":8},"2":{"loc":{"start":{"line":8,"column":8},"end":{"line":8,"column":34}},"type":"binary-expr","locations":[{"start":{"line":8,"column":8},"end":{"line":8,"column":9}},{"start":{"line":8,"column":13},"end":{"line":8,"column":34}}],"line":8},"3":{"loc":{"start":{"line":9,"column":4},"end":{"line":10,"column":60}},"type":"if","locations":[{"start":{"line":9,"column":4},"end":{"line":10,"column":60}},{"start":{},"end":{}}],"line":9},"4":{"loc":{"start":{"line":11,"column":4},"end":{"line":11,"column":80}},"type":"if","locations":[{"start":{"line":11,"column":4},"end":{"line":11,"column":80}},{"start":{},"end":{}}],"line":11},"5":{"loc":{"start":{"line":13,"column":22},"end":{"line":13,"column":75}},"type":"cond-expr","locations":[{"start":{"line":13,"column":48},"end":{"line":13,"column":55}},{"start":{"line":13,"column":58},"end":{"line":13,"column":75}}],"line":13},"6":{"loc":{"start":{"line":15,"column":4},"end":{"line":17,"column":5}},"type":"if","locations":[{"start":{"line":15,"column":4},"end":{"line":17,"column":5}},{"start":{},"end":{}}],"line":15}},"s":{"0":2,"1":0,"2":2,"3":0,"4":2,"5":0,"6":2,"7":0,"8":2,"9":2,"10":0,"11":2,"12":2,"13":2,"14":1,"15":1},"f":{"0":2},"b":{"0":[0,2],"1":[0,2],"2":[2,2],"3":[0,2],"4":[0,2],"5":[2,0],"6":[0,2]},"_coverageSchema":"1a1c01bbd47fc00a2c39e90264f33305004495a9","hash":"96d8e6d2d1f31524afc5b39abf63c7ddfa4cc114"}
,"C:\\Git\\ProjetPerso\\Ynov\\Fenol2\\my-app\\src\\validations\\formValidation.js": {"path":"C:\\Git\\ProjetPerso\\Ynov\\Fenol2\\my-app\\src\\validations\\formValidation.js","statementMap":{"0":{"start":{"line":1,"column":14},"end":{"line":1,"column":18}},"1":{"start":{"line":2,"column":14},"end":{"line":2,"column":16}},"2":{"start":{"line":4,"column":20},"end":{"line":17,"column":1}},"3":{"start":{"line":5,"column":18},"end":{"line":5,"column":49}},"4":{"start":{"line":6,"column":4},"end":{"line":6,"column":18}},"5":{"start":{"line":7,"column":4},"end":{"line":7,"column":16}},"6":{"start":{"line":9,"column":4},"end":{"line":15,"column":5}},"7":{"start":{"line":10,"column":8},"end":{"line":10,"column":52}},"8":{"start":{"line":11,"column":8},"end":{"line":11,"column":24}},"9":{"start":{"line":12,"column":11},"end":{"line":15,"column":5}},"10":{"start":{"line":13,"column":8},"end":{"line":13,"column":88}},"11":{"start":{"line":14,"column":8},"end":{"line":14,"column":24}},"12":{"start":{"line":16,"column":4},"end":{"line":16,"column":75}},"13":{"start":{"line":19,"column":19},"end":{"line":32,"column":1}},"14":{"start":{"line":20,"column":18},"end":{"line":20,"column":21}},"15":{"start":{"line":21,"column":4},"end":{"line":21,"column":18}},"16":{"start":{"line":22,"column":4},"end":{"line":22,"column":16}},"17":{"start":{"line":24,"column":4},"end":{"line":30,"column":5}},"18":{"start":{"line":25,"column":8},"end":{"line":25,"column":48}},"19":{"start":{"line":26,"column":8},"end":{"line":26,"column":23}},"20":{"start":{"line":27,"column":10},"end":{"line":30,"column":5}},"21":{"start":{"line":28,"column":8},"end":{"line":28,"column":79}},"22":{"start":{"line":29,"column":8},"end":{"line":29,"column":23}},"23":{"start":{"line":31,"column":4},"end":{"line":31,"column":76}},"24":{"start":{"line":34,"column":23},"end":{"line":58,"column":1}},"25":{"start":{"line":35,"column":4},"end":{"line":35,"column":18}},"26":{"start":{"line":36,"column":4},"end":{"line":36,"column":16}},"27":{"start":{"line":38,"column":4},"end":{"line":41,"column":5}},"28":{"start":{"line":39,"column":8},"end":{"line":39,"column":23}},"29":{"start":{"line":40,"column":8},"end":{"line":40,"column":61}},"30":{"start":{"line":43,"column":28},"end":{"line":43,"column":47}},"31":{"start":{"line":44,"column":4},"end":{"line":47,"column":5}},"32":{"start":{"line":45,"column":8},"end":{"line":45,"column":23}},"33":{"start":{"line":46,"column":8},"end":{"line":46,"column":50}},"34":{"start":{"line":49,"column":19},"end":{"line":49,"column":67}},"35":{"start":{"line":50,"column":14},"end":{"line":50,"column":56}},"36":{"start":{"line":52,"column":4},"end":{"line":55,"column":5}},"37":{"start":{"line":53,"column":8},"end":{"line":53,"column":23}},"38":{"start":{"line":54,"column":8},"end":{"line":54,"column":40}},"39":{"start":{"line":57,"column":4},"end":{"line":57,"column":80}},"40":{"start":{"line":60,"column":17},"end":{"line":80,"column":1}},"41":{"start":{"line":61,"column":4},"end":{"line":61,"column":18}},"42":{"start":{"line":62,"column":4},"end":{"line":62,"column":16}},"43":{"start":{"line":64,"column":4},"end":{"line":67,"column":5}},"44":{"start":{"line":65,"column":8},"end":{"line":65,"column":23}},"45":{"start":{"line":66,"column":8},"end":{"line":66,"column":54}},"46":{"start":{"line":69,"column":4},"end":{"line":72,"column":5}},"47":{"start":{"line":70,"column":8},"end":{"line":70,"column":23}},"48":{"start":{"line":71,"column":8},"end":{"line":71,"column":46}},"49":{"start":{"line":74,"column":4},"end":{"line":77,"column":5}},"50":{"start":{"line":75,"column":8},"end":{"line":75,"column":23}},"51":{"start":{"line":76,"column":8},"end":{"line":76,"column":63}},"52":{"start":{"line":79,"column":4},"end":{"line":79,"column":74}}},"fnMap":{"0":{"name":"(anonymous_0)","decl":{"start":{"line":4,"column":20},"end":{"line":4,"column":21}},"loc":{"start":{"line":4,"column":45},"end":{"line":17,"column":1}},"line":4},"1":{"name":"(anonymous_1)","decl":{"start":{"line":19,"column":19},"end":{"line":19,"column":20}},"loc":{"start":{"line":19,"column":30},"end":{"line":32,"column":1}},"line":19},"2":{"name":"(anonymous_2)","decl":{"start":{"line":34,"column":23},"end":{"line":34,"column":24}},"loc":{"start":{"line":34,"column":38},"end":{"line":58,"column":1}},"line":34},"3":{"name":"(anonymous_3)","decl":{"start":{"line":60,"column":17},"end":{"line":60,"column":18}},"loc":{"start":{"line":60,"column":26},"end":{"line":80,"column":1}},"line":60}},"branchMap":{"0":{"loc":{"start":{"line":9,"column":4},"end":{"line":15,"column":5}},"type":"if","locations":[{"start":{"line":9,"column":4},"end":{"line":15,"column":5}},{"start":{"line":12,"column":11},"end":{"line":15,"column":5}}],"line":9},"1":{"loc":{"start":{"line":12,"column":11},"end":{"line":15,"column":5}},"type":"if","locations":[{"start":{"line":12,"column":11},"end":{"line":15,"column":5}},{"start":{},"end":{}}],"line":12},"2":{"loc":{"start":{"line":24,"column":4},"end":{"line":30,"column":5}},"type":"if","locations":[{"start":{"line":24,"column":4},"end":{"line":30,"column":5}},{"start":{"line":27,"column":10},"end":{"line":30,"column":5}}],"line":24},"3":{"loc":{"start":{"line":27,"column":10},"end":{"line":30,"column":5}},"type":"if","locations":[{"start":{"line":27,"column":10},"end":{"line":30,"column":5}},{"start":{},"end":{}}],"line":27},"4":{"loc":{"start":{"line":38,"column":4},"end":{"line":41,"column":5}},"type":"if","locations":[{"start":{"line":38,"column":4},"end":{"line":41,"column":5}},{"start":{},"end":{}}],"line":38},"5":{"loc":{"start":{"line":44,"column":4},"end":{"line":47,"column":5}},"type":"if","locations":[{"start":{"line":44,"column":4},"end":{"line":47,"column":5}},{"start":{},"end":{}}],"line":44},"6":{"loc":{"start":{"line":52,"column":4},"end":{"line":55,"column":5}},"type":"if","locations":[{"start":{"line":52,"column":4},"end":{"line":55,"column":5}},{"start":{},"end":{}}],"line":52},"7":{"loc":{"start":{"line":64,"column":4},"end":{"line":67,"column":5}},"type":"if","locations":[{"start":{"line":64,"column":4},"end":{"line":67,"column":5}},{"start":{},"end":{}}],"line":64},"8":{"loc":{"start":{"line":69,"column":4},"end":{"line":72,"column":5}},"type":"if","locations":[{"start":{"line":69,"column":4},"end":{"line":72,"column":5}},{"start":{},"end":{}}],"line":69},"9":{"loc":{"start":{"line":74,"column":4},"end":{"line":77,"column":5}},"type":"if","locations":[{"start":{"line":74,"column":4},"end":{"line":77,"column":5}},{"start":{},"end":{}}],"line":74},"10":{"loc":{"start":{"line":74,"column":8},"end":{"line":74,"column":38}},"type":"binary-expr","locations":[{"start":{"line":74,"column":8},"end":{"line":74,"column":19}},{"start":{"line":74,"column":23},"end":{"line":74,"column":38}}],"line":74}},"s":{"0":2,"1":2,"2":2,"3":3,"4":3,"5":3,"6":3,"7":0,"8":0,"9":3,"10":2,"11":2,"12":3,"13":2,"14":3,"15":3,"16":3,"17":3,"18":0,"19":0,"20":3,"21":3,"22":3,"23":3,"24":2,"25":1,"26":1,"27":1,"28":0,"29":0,"30":1,"31":1,"32":0,"33":0,"34":1,"35":1,"36":1,"37":1,"38":1,"39":1,"40":2,"41":1,"42":1,"43":1,"44":0,"45":0,"46":1,"47":0,"48":0,"49":1,"50":1,"51":1,"52":1},"f":{"0":3,"1":3,"2":1,"3":1},"b":{"0":[0,3],"1":[2,1],"2":[0,3],"3":[3,0],"4":[0,1],"5":[0,1],"6":[1,0],"7":[0,1],"8":[0,1],"9":[1,0],"10":[1,1]},"_coverageSchema":"1a1c01bbd47fc00a2c39e90264f33305004495a9","hash":"3c8ea8b685f6ed3a017549e1a568102cd9e8152d"}
,"C:\\Git\\ProjetPerso\\Ynov\\Fenol2\\my-app\\src\\views\\form\\form.js": {"path":"C:\\Git\\ProjetPerso\\Ynov\\Fenol2\\my-app\\src\\views\\form\\form.js","statementMap":{"0":{"start":{"line":13,"column":13},"end":{"line":215,"column":1}},"1":{"start":{"line":14,"column":16},"end":{"line":14,"column":20}},"2":{"start":{"line":16,"column":26},"end":{"line":23,"column":4}},"3":{"start":{"line":25,"column":30},"end":{"line":32,"column":4}},"4":{"start":{"line":35,"column":4},"end":{"line":40,"column":14}},"5":{"start":{"line":42,"column":29},"end":{"line":64,"column":3}},"6":{"start":{"line":43,"column":4},"end":{"line":43,"column":17}},"7":{"start":{"line":44,"column":22},"end":{"line":44,"column":24}},"8":{"start":{"line":45,"column":4},"end":{"line":45,"column":68}},"9":{"start":{"line":46,"column":4},"end":{"line":46,"column":73}},"10":{"start":{"line":47,"column":4},"end":{"line":47,"column":54}},"11":{"start":{"line":48,"column":4},"end":{"line":48,"column":53}},"12":{"start":{"line":49,"column":4},"end":{"line":49,"column":62}},"13":{"start":{"line":50,"column":4},"end":{"line":50,"column":41}},"14":{"start":{"line":52,"column":4},"end":{"line":62,"column":7}},"15":{"start":{"line":53,"column":6},"end":{"line":61,"column":7}},"16":{"start":{"line":54,"column":8},"end":{"line":54,"column":23}},"17":{"start":{"line":55,"column":8},"end":{"line":59,"column":14}},"18":{"start":{"line":56,"column":10},"end":{"line":59,"column":14}},"19":{"start":{"line":56,"column":37},"end":{"line":59,"column":11}},"20":{"start":{"line":60,"column":8},"end":{"line":60,"column":32}},"21":{"start":{"line":63,"column":4},"end":{"line":63,"column":112}},"22":{"start":{"line":66,"column":21},"end":{"line":75,"column":3}},"23":{"start":{"line":67,"column":4},"end":{"line":74,"column":7}},"24":{"start":{"line":77,"column":20},"end":{"line":86,"column":3}},"25":{"start":{"line":78,"column":4},"end":{"line":85,"column":7}},"26":{"start":{"line":88,"column":27},"end":{"line":96,"column":3}},"27":{"start":{"line":89,"column":4},"end":{"line":89,"column":54}},"28":{"start":{"line":90,"column":4},"end":{"line":90,"column":52}},"29":{"start":{"line":91,"column":4},"end":{"line":91,"column":46}},"30":{"start":{"line":92,"column":4},"end":{"line":92,"column":54}},"31":{"start":{"line":93,"column":4},"end":{"line":93,"column":44}},"32":{"start":{"line":94,"column":4},"end":{"line":94,"column":42}},"33":{"start":{"line":98,"column":17},"end":{"line":105,"column":3}},"34":{"start":{"line":99,"column":4},"end":{"line":99,"column":25}},"35":{"start":{"line":100,"column":4},"end":{"line":103,"column":5}},"36":{"start":{"line":101,"column":6},"end":{"line":101,"column":25}},"37":{"start":{"line":102,"column":6},"end":{"line":102,"column":18}},"38":{"start":{"line":104,"column":4},"end":{"line":104,"column":27}},"39":{"start":{"line":107,"column":2},"end":{"line":214,"column":4}},"40":{"start":{"line":117,"column":14},"end":{"line":120,"column":17}},"41":{"start":{"line":117,"column":37},"end":{"line":120,"column":15}},"42":{"start":{"line":132,"column":14},"end":{"line":135,"column":17}},"43":{"start":{"line":132,"column":37},"end":{"line":135,"column":15}},"44":{"start":{"line":148,"column":14},"end":{"line":151,"column":17}},"45":{"start":{"line":148,"column":37},"end":{"line":151,"column":15}},"46":{"start":{"line":164,"column":14},"end":{"line":167,"column":17}},"47":{"start":{"line":164,"column":37},"end":{"line":167,"column":15}},"48":{"start":{"line":179,"column":14},"end":{"line":182,"column":17}},"49":{"start":{"line":179,"column":37},"end":{"line":182,"column":15}},"50":{"start":{"line":194,"column":14},"end":{"line":197,"column":17}},"51":{"start":{"line":194,"column":37},"end":{"line":197,"column":15}},"52":{"start":{"line":207,"column":30},"end":{"line":207,"column":43}}},"fnMap":{"0":{"name":"(anonymous_0)","decl":{"start":{"line":13,"column":13},"end":{"line":13,"column":14}},"loc":{"start":{"line":13,"column":19},"end":{"line":215,"column":1}},"line":13},"1":{"name":"(anonymous_1)","decl":{"start":{"line":42,"column":29},"end":{"line":42,"column":30}},"loc":{"start":{"line":42,"column":35},"end":{"line":64,"column":3}},"line":42},"2":{"name":"(anonymous_2)","decl":{"start":{"line":52,"column":24},"end":{"line":52,"column":25}},"loc":{"start":{"line":52,"column":38},"end":{"line":62,"column":5}},"line":52},"3":{"name":"(anonymous_3)","decl":{"start":{"line":56,"column":20},"end":{"line":56,"column":21}},"loc":{"start":{"line":56,"column":37},"end":{"line":59,"column":11}},"line":56},"4":{"name":"(anonymous_4)","decl":{"start":{"line":66,"column":21},"end":{"line":66,"column":22}},"loc":{"start":{"line":66,"column":27},"end":{"line":75,"column":3}},"line":66},"5":{"name":"(anonymous_5)","decl":{"start":{"line":77,"column":20},"end":{"line":77,"column":21}},"loc":{"start":{"line":77,"column":26},"end":{"line":86,"column":3}},"line":77},"6":{"name":"(anonymous_6)","decl":{"start":{"line":88,"column":27},"end":{"line":88,"column":28}},"loc":{"start":{"line":88,"column":33},"end":{"line":96,"column":3}},"line":88},"7":{"name":"(anonymous_7)","decl":{"start":{"line":98,"column":17},"end":{"line":98,"column":18}},"loc":{"start":{"line":98,"column":28},"end":{"line":105,"column":3}},"line":98},"8":{"name":"(anonymous_8)","decl":{"start":{"line":116,"column":22},"end":{"line":116,"column":23}},"loc":{"start":{"line":117,"column":14},"end":{"line":120,"column":17}},"line":117},"9":{"name":"(anonymous_9)","decl":{"start":{"line":117,"column":22},"end":{"line":117,"column":23}},"loc":{"start":{"line":117,"column":37},"end":{"line":120,"column":15}},"line":117},"10":{"name":"(anonymous_10)","decl":{"start":{"line":131,"column":22},"end":{"line":131,"column":23}},"loc":{"start":{"line":132,"column":14},"end":{"line":135,"column":17}},"line":132},"11":{"name":"(anonymous_11)","decl":{"start":{"line":132,"column":22},"end":{"line":132,"column":23}},"loc":{"start":{"line":132,"column":37},"end":{"line":135,"column":15}},"line":132},"12":{"name":"(anonymous_12)","decl":{"start":{"line":147,"column":22},"end":{"line":147,"column":23}},"loc":{"start":{"line":148,"column":14},"end":{"line":151,"column":17}},"line":148},"13":{"name":"(anonymous_13)","decl":{"start":{"line":148,"column":22},"end":{"line":148,"column":23}},"loc":{"start":{"line":148,"column":37},"end":{"line":151,"column":15}},"line":148},"14":{"name":"(anonymous_14)","decl":{"start":{"line":163,"column":22},"end":{"line":163,"column":23}},"loc":{"start":{"line":164,"column":14},"end":{"line":167,"column":17}},"line":164},"15":{"name":"(anonymous_15)","decl":{"start":{"line":164,"column":22},"end":{"line":164,"column":23}},"loc":{"start":{"line":164,"column":37},"end":{"line":167,"column":15}},"line":164},"16":{"name":"(anonymous_16)","decl":{"start":{"line":178,"column":22},"end":{"line":178,"column":23}},"loc":{"start":{"line":179,"column":14},"end":{"line":182,"column":17}},"line":179},"17":{"name":"(anonymous_17)","decl":{"start":{"line":179,"column":22},"end":{"line":179,"column":23}},"loc":{"start":{"line":179,"column":37},"end":{"line":182,"column":15}},"line":179},"18":{"name":"(anonymous_18)","decl":{"start":{"line":193,"column":22},"end":{"line":193,"column":23}},"loc":{"start":{"line":194,"column":14},"end":{"line":197,"column":17}},"line":194},"19":{"name":"(anonymous_19)","decl":{"start":{"line":194,"column":22},"end":{"line":194,"column":23}},"loc":{"start":{"line":194,"column":37},"end":{"line":197,"column":15}},"line":194},"20":{"name":"(anonymous_20)","decl":{"start":{"line":207,"column":19},"end":{"line":207,"column":20}},"loc":{"start":{"line":207,"column":30},"end":{"line":207,"column":43}},"line":207}},"branchMap":{"0":{"loc":{"start":{"line":35,"column":4},"end":{"line":40,"column":14}},"type":"binary-expr","locations":[{"start":{"line":35,"column":4},"end":{"line":35,"column":20}},{"start":{"line":36,"column":4},"end":{"line":36,"column":19}},{"start":{"line":37,"column":4},"end":{"line":37,"column":16}},{"start":{"line":38,"column":4},"end":{"line":38,"column":20}},{"start":{"line":39,"column":4},"end":{"line":39,"column":15}},{"start":{"line":40,"column":4},"end":{"line":40,"column":14}}],"line":35},"1":{"loc":{"start":{"line":53,"column":6},"end":{"line":61,"column":7}},"type":"if","locations":[{"start":{"line":53,"column":6},"end":{"line":61,"column":7}},{"start":{},"end":{}}],"line":53},"2":{"loc":{"start":{"line":55,"column":8},"end":{"line":59,"column":14}},"type":"if","locations":[{"start":{"line":55,"column":8},"end":{"line":59,"column":14}},{"start":{},"end":{}}],"line":55},"3":{"loc":{"start":{"line":63,"column":4},"end":{"line":63,"column":112}},"type":"cond-expr","locations":[{"start":{"line":63,"column":14},"end":{"line":63,"column":40}},{"start":{"line":63,"column":43},"end":{"line":63,"column":112}}],"line":63},"4":{"loc":{"start":{"line":100,"column":4},"end":{"line":103,"column":5}},"type":"if","locations":[{"start":{"line":100,"column":4},"end":{"line":103,"column":5}},{"start":{},"end":{}}],"line":100},"5":{"loc":{"start":{"line":123,"column":11},"end":{"line":123,"column":56}},"type":"binary-expr","locations":[{"start":{"line":123,"column":11},"end":{"line":123,"column":27}},{"start":{"line":123,"column":31},"end":{"line":123,"column":56}}],"line":123},"6":{"loc":{"start":{"line":138,"column":11},"end":{"line":138,"column":54}},"type":"binary-expr","locations":[{"start":{"line":138,"column":11},"end":{"line":138,"column":26}},{"start":{"line":138,"column":30},"end":{"line":138,"column":54}}],"line":138},"7":{"loc":{"start":{"line":154,"column":11},"end":{"line":154,"column":48}},"type":"binary-expr","locations":[{"start":{"line":154,"column":11},"end":{"line":154,"column":23}},{"start":{"line":154,"column":27},"end":{"line":154,"column":48}}],"line":154},"8":{"loc":{"start":{"line":170,"column":11},"end":{"line":170,"column":56}},"type":"binary-expr","locations":[{"start":{"line":170,"column":11},"end":{"line":170,"column":27}},{"start":{"line":170,"column":31},"end":{"line":170,"column":56}}],"line":170},"9":{"loc":{"start":{"line":185,"column":11},"end":{"line":185,"column":46}},"type":"binary-expr","locations":[{"start":{"line":185,"column":11},"end":{"line":185,"column":22}},{"start":{"line":185,"column":26},"end":{"line":185,"column":46}}],"line":185},"10":{"loc":{"start":{"line":200,"column":11},"end":{"line":200,"column":44}},"type":"binary-expr","locations":[{"start":{"line":200,"column":11},"end":{"line":200,"column":21}},{"start":{"line":200,"column":25},"end":{"line":200,"column":44}}],"line":200}},"s":{"0":1,"1":11,"2":11,"3":11,"4":11,"5":11,"6":0,"7":0,"8":0,"9":0,"10":0,"11":0,"12":0,"13":0,"14":0,"15":0,"16":0,"17":0,"18":0,"19":0,"20":0,"21":0,"22":11,"23":0,"24":11,"25":0,"26":11,"27":0,"28":0,"29":0,"30":0,"31":0,"32":0,"33":11,"34":0,"35":0,"36":0,"37":0,"38":0,"39":11,"40":9,"41":9,"42":0,"43":0,"44":0,"45":0,"46":0,"47":0,"48":0,"49":0,"50":0,"51":0,"52":0},"f":{"0":11,"1":0,"2":0,"3":0,"4":0,"5":0,"6":0,"7":0,"8":9,"9":9,"10":0,"11":0,"12":0,"13":0,"14":0,"15":0,"16":0,"17":0,"18":0,"19":0,"20":0},"b":{"0":[11,9,0,0,0,0],"1":[0,0],"2":[0,0],"3":[0,0],"4":[0,0],"5":[11,0],"6":[11,0],"7":[11,0],"8":[11,0],"9":[11,0],"10":[11,0]},"_coverageSchema":"1a1c01bbd47fc00a2c39e90264f33305004495a9","hash":"21a046d38c9525be58243765b63b923dbe7873bb"}
}
