TN:
SF:src\App.js
FN:4,App
FNF:1
FNH:1
FNDA:2,App
DA:5,2
LF:1
LH:1
BRF:0
BRH:0
end_of_record
TN:
SF:src\module.js
FN:6,calculateAge
FNF:1
FNH:1
FNDA:2,calculateAge
DA:7,2
DA:8,2
DA:9,2
DA:10,0
DA:11,2
DA:13,2
DA:15,2
DA:16,0
DA:19,2
DA:20,2
DA:21,2
DA:25,1
DA:28,1
LF:13
LH:11
BRDA:7,0,0,0
BRDA:7,0,1,2
BRDA:8,1,0,0
BRDA:8,1,1,2
BRDA:8,2,0,2
BRDA:8,2,1,2
BRDA:9,3,0,0
BRDA:9,3,1,2
BRDA:11,4,0,0
BRDA:11,4,1,2
BRDA:13,5,0,2
BRDA:13,5,1,0
BRDA:15,6,0,0
BRDA:15,6,1,2
BRF:14
BRH:8
end_of_record
TN:
SF:src\validations\formValidation.js
FN:4,(anonymous_0)
FN:19,(anonymous_1)
FN:34,(anonymous_2)
FN:60,(anonymous_3)
FNF:4
FNH:4
FNDA:3,(anonymous_0)
FNDA:3,(anonymous_1)
FNDA:1,(anonymous_2)
FNDA:1,(anonymous_3)
DA:1,2
DA:2,2
DA:4,2
DA:5,3
DA:6,3
DA:7,3
DA:9,3
DA:10,0
DA:11,0
DA:12,3
DA:13,2
DA:14,2
DA:16,3
DA:19,2
DA:20,3
DA:21,3
DA:22,3
DA:24,3
DA:25,0
DA:26,0
DA:27,3
DA:28,3
DA:29,3
DA:31,3
DA:34,2
DA:35,1
DA:36,1
DA:38,1
DA:39,0
DA:40,0
DA:43,1
DA:44,1
DA:45,0
DA:46,0
DA:49,1
DA:50,1
DA:52,1
DA:53,1
DA:54,1
DA:57,1
DA:60,2
DA:61,1
DA:62,1
DA:64,1
DA:65,0
DA:66,0
DA:69,1
DA:70,0
DA:71,0
DA:74,1
DA:75,1
DA:76,1
DA:79,1
LF:53
LH:41
BRDA:9,0,0,0
BRDA:9,0,1,3
BRDA:12,1,0,2
BRDA:12,1,1,1
BRDA:24,2,0,0
BRDA:24,2,1,3
BRDA:27,3,0,3
BRDA:27,3,1,0
BRDA:38,4,0,0
BRDA:38,4,1,1
BRDA:44,5,0,0
BRDA:44,5,1,1
BRDA:52,6,0,1
BRDA:52,6,1,0
BRDA:64,7,0,0
BRDA:64,7,1,1
BRDA:69,8,0,0
BRDA:69,8,1,1
BRDA:74,9,0,1
BRDA:74,9,1,0
BRDA:74,10,0,1
BRDA:74,10,1,1
BRF:22
BRH:13
end_of_record
TN:
SF:src\views\form\form.js
FN:13,(anonymous_0)
FN:42,(anonymous_1)
FN:52,(anonymous_2)
FN:56,(anonymous_3)
FN:66,(anonymous_4)
FN:77,(anonymous_5)
FN:88,(anonymous_6)
FN:98,(anonymous_7)
FN:116,(anonymous_8)
FN:117,(anonymous_9)
FN:131,(anonymous_10)
FN:132,(anonymous_11)
FN:147,(anonymous_12)
FN:148,(anonymous_13)
FN:163,(anonymous_14)
FN:164,(anonymous_15)
FN:178,(anonymous_16)
FN:179,(anonymous_17)
FN:193,(anonymous_18)
FN:194,(anonymous_19)
FN:207,(anonymous_20)
FNF:21
FNH:3
FNDA:11,(anonymous_0)
FNDA:0,(anonymous_1)
FNDA:0,(anonymous_2)
FNDA:0,(anonymous_3)
FNDA:0,(anonymous_4)
FNDA:0,(anonymous_5)
FNDA:0,(anonymous_6)
FNDA:0,(anonymous_7)
FNDA:9,(anonymous_8)
FNDA:9,(anonymous_9)
FNDA:0,(anonymous_10)
FNDA:0,(anonymous_11)
FNDA:0,(anonymous_12)
FNDA:0,(anonymous_13)
FNDA:0,(anonymous_14)
FNDA:0,(anonymous_15)
FNDA:0,(anonymous_16)
FNDA:0,(anonymous_17)
FNDA:0,(anonymous_18)
FNDA:0,(anonymous_19)
FNDA:0,(anonymous_20)
DA:13,1
DA:14,11
DA:16,11
DA:25,11
DA:35,11
DA:42,11
DA:43,0
DA:44,0
DA:45,0
DA:46,0
DA:47,0
DA:48,0
DA:49,0
DA:50,0
DA:52,0
DA:53,0
DA:54,0
DA:55,0
DA:56,0
DA:60,0
DA:63,0
DA:66,11
DA:67,0
DA:77,11
DA:78,0
DA:88,11
DA:89,0
DA:90,0
DA:91,0
DA:92,0
DA:93,0
DA:94,0
DA:98,11
DA:99,0
DA:100,0
DA:101,0
DA:102,0
DA:104,0
DA:107,11
DA:117,9
DA:132,0
DA:148,0
DA:164,0
DA:179,0
DA:194,0
DA:207,0
LF:46
LH:12
BRDA:35,0,0,11
BRDA:35,0,1,9
BRDA:35,0,2,0
BRDA:35,0,3,0
BRDA:35,0,4,0
BRDA:35,0,5,0
BRDA:53,1,0,0
BRDA:53,1,1,0
BRDA:55,2,0,0
BRDA:55,2,1,0
BRDA:63,3,0,0
BRDA:63,3,1,0
BRDA:100,4,0,0
BRDA:100,4,1,0
BRDA:123,5,0,11
BRDA:123,5,1,0
BRDA:138,6,0,11
BRDA:138,6,1,0
BRDA:154,7,0,11
BRDA:154,7,1,0
BRDA:170,8,0,11
BRDA:170,8,1,0
BRDA:185,9,0,11
BRDA:185,9,1,0
BRDA:200,10,0,11
BRDA:200,10,1,0
BRF:26
BRH:8
end_of_record
